<?xml version="1.0" encoding="UTF-8"?>
<!-- Generated by org.testng.reporters.JUnitReportReporter -->
<testsuite hostname="LAPTOP-V4U774QS" failures="0" tests="5" name="demo3.gym" time="8.627" errors="0" timestamp="03 Jul 2021 09:21:50 GMT" skipped="0">
  <testcase classname="demo3.gym" name="openSite" time="2.659"/>
  <testcase classname="demo3.gym" name="selectFitnessOption" time="0.872"/>
  <testcase classname="demo3.gym" name="selectGymOption" time="0.917"/>
  <testcase classname="demo3.gym" name="printAllOptions" time="0.058"/>
  <testcase classname="demo3.gym" name="Closebrowser" time="4.121"/>
</testsuite> <!-- demo3.gym -->
