<?xml version="1.0" encoding="UTF-8"?>
<!-- Generated by org.testng.reporters.JUnitReportReporter -->
<testsuite hostname="LAPTOP-V4U774QS" failures="0" tests="3" name="demo2.freelisting" time="7.885" errors="0" timestamp="03 Jul 2021 09:21:50 GMT" skipped="0">
  <testcase classname="demo2.freelisting" name="openSite" time="2.582"/>
  <testcase classname="demo2.freelisting" name="openFreeListing" time="1.195"/>
  <testcase classname="demo2.freelisting" name="closeDriver" time="4.108"/>
</testsuite> <!-- demo2.freelisting -->
