<?xml version="1.0" encoding="UTF-8"?>
<!-- Generated by org.testng.reporters.JUnitReportReporter -->
<testsuite hostname="LAPTOP-V4U774QS" failures="0" tests="4" name="demo1.login" time="10.629" errors="0" timestamp="03 Jul 2021 09:21:50 GMT" skipped="0">
  <testcase classname="demo1.login" name="openSite" time="2.986"/>
  <testcase classname="demo1.login" name="searchTextboxAndRemoveAd" time="2.336"/>
  <testcase classname="demo1.login" name="findBestDeal" time="1.175"/>
  <testcase classname="demo1.login" name="closeDriver" time="4.132"/>
</testsuite> <!-- demo1.login -->
