<?xml version="1.0" encoding="UTF-8"?>
<!-- Generated by org.testng.reporters.JUnitReportReporter -->
<testsuite hostname="LAPTOP-V4U774QS" failures="0" tests="5" name="demo3.gym" time="8.495" errors="0" timestamp="03 Jul 2021 09:49:18 GMT" skipped="0">
  <testcase classname="demo3.gym" name="openSite" time="2.566"/>
  <testcase classname="demo3.gym" name="selectFitnessOption" time="0.937"/>
  <testcase classname="demo3.gym" name="selectGymOption" time="0.853"/>
  <testcase classname="demo3.gym" name="printAllOptions" time="0.054"/>
  <testcase classname="demo3.gym" name="Closebrowser" time="4.085"/>
</testsuite> <!-- demo3.gym -->
